\BOOKMARK [1][-]{section*.1}{\376\377\166\356\137\125}{}% 1
\BOOKMARK [1][-]{section.6}{\376\377\176\337\213\241\162\151\164\006\166\204\127\372\147\054\151\202\137\365}{}% 2
\BOOKMARK [2][-]{subsection.6.2}{\376\377\137\256\211\302\162\266\140\001\166\204\176\317\121\170\143\317\121\231\116\016\221\317\133\120\143\317\121\231}{section.6}% 3
\BOOKMARK [3][-]{subsubsection.6.2.1}{\376\377\000\040\133\120\174\373\000:}{subsection.6.2}% 4
\BOOKMARK [3][-]{subsubsection.6.2.2}{\376\377\000\040\166\370\172\172\225\364\000:}{subsection.6.2}% 5
\BOOKMARK [3][-]{subsubsection.6.2.3}{\376\377\000\040\166\370\117\123\121\103\000:}{subsection.6.2}% 6
\BOOKMARK [3][-]{subsubsection.6.2.4}{\376\377\000F\000r\000e\000e\000\040\000P\000a\000r\000t\000i\000c\000l\000e}{subsection.6.2}% 7
\BOOKMARK [3][-]{subsubsection.6.2.5}{\376\377\000O\000n\000e\000-\000d\000i\000m\000e\000n\000s\000i\000o\000n\000a\000l\000\040\000h\000a\000r\000m\000o\000n\000i\000c\000\040\000o\000s\000c\000i\000l\000l\000a\000t\000o\000r}{subsection.6.2}% 8
\BOOKMARK [3][-]{subsubsection.6.2.6}{\376\377\000\040\217\271\225\177\116\072\000L\166\204\153\143\145\271\137\142\133\271\126\150\116\055\166\204\201\352\165\061\174\222\133\120\166\204\200\375\221\317\000\050\221\317\133\120\143\317\121\231\000\051\000:}{subsection.6.2}% 9
\BOOKMARK [3][-]{subsubsection.6.2.7}{\376\377\000\040\221\317\133\120\140\001\000:}{subsection.6.2}% 10
\BOOKMARK [3][-]{subsubsection.6.2.8}{\376\377\000\040\173\200\136\166\136\246\000.\000:}{subsection.6.2}% 11
\BOOKMARK [3][-]{subsubsection.6.2.9}{\376\377\000\040\116\000\176\364\214\020\143\057\133\120\166\204\200\375\221\317\000\050\221\317\133\120\143\317\121\231\000\051\000:}{subsection.6.2}% 12
\BOOKMARK [3][-]{subsubsection.6.2.10}{\376\377\000\040\133\120\166\370\117\123\171\357\000:}{subsection.6.2}% 13
\BOOKMARK [3][-]{subsubsection.6.2.11}{\376\377\000\040\121\150\124\014\140\047\123\237\164\006\000:}{subsection.6.2}% 14
\BOOKMARK [3][-]{subsubsection.6.2.12}{\376\377\000\040\121\150\124\014\174\222\133\120\174\373\176\337\154\342\121\375\145\160\166\204\133\371\171\360\140\047\000:}{subsection.6.2}% 15
\BOOKMARK [3][-]{subsubsection.6.2.13}{\376\377\000\040\215\071\174\163\133\120\124\214\163\273\202\162\133\120\000:}{subsection.6.2}% 16
\BOOKMARK [3][-]{subsubsection.6.2.14}{\376\377\000\040\154\341\122\051\116\015\166\370\133\271\123\237\164\006\000:}{subsection.6.2}% 17
\BOOKMARK [3][-]{subsubsection.6.2.15}{\376\377\000\040\133\232\127\337\133\120\174\373\000:}{subsection.6.2}% 18
\BOOKMARK [3][-]{subsubsection.6.2.16}{\376\377\000\040\133\120\174\373\166\204\221\317\133\120\140\001\116\016\000\050\121\150\124\014\131\032\174\222\133\120\000\051\174\373\176\337\166\204\221\317\133\120\140\001\000:}{subsection.6.2}% 19
\BOOKMARK [3][-]{subsubsection.6.2.17}{\376\377\000\040\173\111\121\340\163\207\123\237\164\006\000:}{subsection.6.2}% 20
\BOOKMARK [1][-]{section.7}{\376\377\217\321\162\354\172\313\133\120\174\373\176\304\142\020\166\204\174\373\176\337}{}% 21
\BOOKMARK [2][-]{subsection.7.1}{\376\377\122\006\136\003\116\016\174\373\176\337\166\204\137\256\211\302\140\001\000\040\147\000\123\357\121\340\122\006\136\003}{section.7}% 22
\BOOKMARK [3][-]{subsubsection.7.1.1}{\376\377\000\040\217\321\162\354\172\313\133\120\174\373\000:}{subsection.7.1}% 23
\BOOKMARK [3][-]{subsubsection.7.1.2}{\376\377\000\040\174\222\133\120\143\011\200\375\176\247\166\204\122\006\136\003\000.\000:}{subsection.7.1}% 24
\BOOKMARK [2][-]{subsection.7.2}{\376\377\133\232\127\337\133\120\174\373\000\040\236\246\121\113\145\257\227\346\000-\163\273\134\024\121\171\146\374\122\006\136\003}{section.7}% 25
\BOOKMARK [3][-]{subsubsection.7.2.1}{\376\377\000\040\122\006\136\003\000.\133\371\136\224\166\204\174\373\176\337\137\256\211\302\162\266\140\001\145\160\000.\000:}{subsection.7.2}% 26
\BOOKMARK [3][-]{subsubsection.7.2.2}{\376\377\000\040\147\000\123\357\121\340\122\006\136\003\000\040\136\163\127\107\122\006\136\003\000:}{subsection.7.2}% 27
\BOOKMARK [3][-]{subsubsection.7.2.3}{\376\377\000\040\236\246\121\113\145\257\227\346\000-\163\273\134\024\121\171\146\374\122\006\136\003\000\050\000M\000B\122\006\136\003\000\051\000:}{subsection.7.2}% 28
\BOOKMARK [3][-]{subsubsection.7.2.4}{\376\377\000\040\000M\000B\122\006\136\003\116\055\123\302\145\160\000.\116\016\000.\166\204\170\156\133\232\000:}{subsection.7.2}% 29
